INFO: 2018/12/08 12:34:21 main.go:61: Server started on port 8080
TRACE: 2018/12/08 12:34:25 session.go:37: Nie zalogowane
TRACE: 2018/12/08 12:34:25 main.go:75: authorized
TRACE: 2018/12/08 12:34:25 session.go:37: Nie zalogowane
TRACE: 2018/12/08 12:35:08 session.go:37: Nie zalogowane
TRACE: 2018/12/08 12:35:08 users.go:85: Logowanie
TRACE: 2018/12/08 12:35:08 session.go:49: Zalogowane
TRACE: 2018/12/08 12:36:00 session.go:37: Nie zalogowane
TRACE: 2018/12/08 12:36:00 main.go:75: authorized
TRACE: 2018/12/08 12:36:00 session.go:37: Nie zalogowane
TRACE: 2018/12/08 12:36:07 session.go:37: Nie zalogowane
TRACE: 2018/12/08 12:36:07 users.go:85: Logowanie
TRACE: 2018/12/08 12:36:07 session.go:49: Zalogowane
TRACE: 2018/12/08 12:41:40 session.go:49: Zalogowane
TRACE: 2018/12/08 12:41:41 session.go:49: Zalogowane
TRACE: 2018/12/08 12:41:56 session.go:49: Zalogowane
TRACE: 2018/12/08 12:41:57 session.go:49: Zalogowane
INFO: 2018/12/08 12:42:04 main.go:61: Server started on port 8080
TRACE: 2018/12/08 12:42:10 session.go:49: Zalogowane
TRACE: 2018/12/08 12:42:11 session.go:49: Zalogowane
TRACE: 2018/12/08 12:42:12 session.go:49: Zalogowane
TRACE: 2018/12/08 12:42:27 session.go:37: Nie zalogowane
TRACE: 2018/12/08 12:42:27 main.go:75: authorized
TRACE: 2018/12/08 12:42:27 session.go:37: Nie zalogowane
TRACE: 2018/12/08 12:42:32 session.go:37: Nie zalogowane
TRACE: 2018/12/08 12:42:32 users.go:85: Logowanie
TRACE: 2018/12/08 12:42:32 session.go:49: Zalogowane
TRACE: 2018/12/08 12:45:15 session.go:49: Zalogowane
TRACE: 2018/12/08 12:45:16 session.go:49: Zalogowane
INFO: 2018/12/08 12:45:45 main.go:61: Server started on port 8080
TRACE: 2018/12/08 12:45:50 session.go:37: Nie zalogowane
TRACE: 2018/12/08 12:45:50 main.go:75: authorized
TRACE: 2018/12/08 12:45:50 session.go:37: Nie zalogowane
TRACE: 2018/12/08 12:46:10 session.go:37: Nie zalogowane
TRACE: 2018/12/08 12:46:10 users.go:85: Logowanie
TRACE: 2018/12/08 12:46:10 session.go:49: Zalogowane
INFO: 2018/12/08 12:48:18 main.go:61: Server started on port 8080
TRACE: 2018/12/08 12:48:22 session.go:49: Zalogowane
TRACE: 2018/12/08 12:48:31 session.go:37: Nie zalogowane
TRACE: 2018/12/08 12:48:31 main.go:75: authorized
TRACE: 2018/12/08 12:48:31 session.go:37: Nie zalogowane
TRACE: 2018/12/08 12:48:38 session.go:37: Nie zalogowane
TRACE: 2018/12/08 12:48:38 users.go:85: Logowanie
TRACE: 2018/12/08 12:48:38 session.go:49: Zalogowane
INFO: 2018/12/08 12:50:17 main.go:61: Server started on port 8080
TRACE: 2018/12/08 12:50:23 session.go:37: Nie zalogowane
TRACE: 2018/12/08 12:50:23 main.go:75: authorized
TRACE: 2018/12/08 12:50:23 session.go:37: Nie zalogowane
TRACE: 2018/12/08 12:50:29 session.go:37: Nie zalogowane
TRACE: 2018/12/08 12:50:29 users.go:85: Logowanie
TRACE: 2018/12/08 12:50:29 session.go:49: Zalogowane
INFO: 2018/12/08 12:51:07 main.go:61: Server started on port 8080
TRACE: 2018/12/08 12:51:11 session.go:37: Nie zalogowane
TRACE: 2018/12/08 12:51:11 main.go:75: authorized
TRACE: 2018/12/08 12:51:11 session.go:37: Nie zalogowane
TRACE: 2018/12/08 12:51:18 session.go:37: Nie zalogowane
TRACE: 2018/12/08 12:51:18 users.go:85: Logowanie
TRACE: 2018/12/08 12:51:18 session.go:49: Zalogowane
INFO: 2018/12/08 12:53:18 main.go:61: Server started on port 8080
TRACE: 2018/12/08 12:53:23 session.go:37: Nie zalogowane
TRACE: 2018/12/08 12:53:23 main.go:75: authorized
TRACE: 2018/12/08 12:53:23 session.go:37: Nie zalogowane
TRACE: 2018/12/08 12:53:33 session.go:37: Nie zalogowane
TRACE: 2018/12/08 12:53:33 users.go:85: Logowanie
TRACE: 2018/12/08 12:53:33 session.go:49: Zalogowane
TRACE: 2018/12/08 12:58:25 session.go:49: Zalogowane
INFO: 2018/12/08 13:02:09 main.go:61: Server started on port 8080
TRACE: 2018/12/08 13:02:18 session.go:37: Nie zalogowane
TRACE: 2018/12/08 13:02:18 main.go:75: authorized
TRACE: 2018/12/08 13:02:18 session.go:37: Nie zalogowane
INFO: 2018/12/08 13:02:32 main.go:61: Server started on port 8080
TRACE: 2018/12/08 13:02:36 session.go:37: Nie zalogowane
TRACE: 2018/12/08 13:02:41 session.go:37: Nie zalogowane
TRACE: 2018/12/08 13:02:41 users.go:85: Logowanie
TRACE: 2018/12/08 13:02:41 session.go:49: Zalogowane
INFO: 2018/12/08 13:04:28 main.go:61: Server started on port 8080
TRACE: 2018/12/08 13:04:33 session.go:37: Nie zalogowane
TRACE: 2018/12/08 13:04:33 main.go:75: authorized
TRACE: 2018/12/08 13:04:33 session.go:37: Nie zalogowane
TRACE: 2018/12/08 13:04:43 session.go:37: Nie zalogowane
TRACE: 2018/12/08 13:04:43 users.go:85: Logowanie
TRACE: 2018/12/08 13:04:43 session.go:49: Zalogowane
TRACE: 2018/12/08 13:05:09 session.go:49: Zalogowane
INFO: 2018/12/08 13:05:14 main.go:61: Server started on port 8080
TRACE: 2018/12/08 13:05:21 session.go:37: Nie zalogowane
TRACE: 2018/12/08 13:05:21 main.go:75: authorized
TRACE: 2018/12/08 13:05:21 session.go:37: Nie zalogowane
TRACE: 2018/12/08 13:05:27 session.go:37: Nie zalogowane
TRACE: 2018/12/08 13:05:27 users.go:85: Logowanie
TRACE: 2018/12/08 13:05:27 session.go:49: Zalogowane
INFO: 2018/12/08 13:05:56 main.go:61: Server started on port 8080
TRACE: 2018/12/08 13:06:03 session.go:37: Nie zalogowane
TRACE: 2018/12/08 13:06:03 main.go:75: authorized
TRACE: 2018/12/08 13:06:03 session.go:37: Nie zalogowane
TRACE: 2018/12/08 13:06:05 session.go:37: Nie zalogowane
TRACE: 2018/12/08 13:06:10 session.go:37: Nie zalogowane
TRACE: 2018/12/08 13:06:10 users.go:85: Logowanie
TRACE: 2018/12/08 13:06:10 session.go:49: Zalogowane
INFO: 2018/12/08 13:06:51 main.go:61: Server started on port 8080
TRACE: 2018/12/08 13:06:55 session.go:49: Zalogowane
TRACE: 2018/12/08 13:06:58 session.go:49: Zalogowane
TRACE: 2018/12/08 13:07:00 session.go:37: Nie zalogowane
TRACE: 2018/12/08 13:07:00 main.go:75: authorized
TRACE: 2018/12/08 13:07:00 session.go:37: Nie zalogowane
TRACE: 2018/12/08 13:07:04 session.go:37: Nie zalogowane
TRACE: 2018/12/08 13:07:04 users.go:85: Logowanie
TRACE: 2018/12/08 13:07:04 session.go:49: Zalogowane
INFO: 2018/12/08 13:09:29 main.go:61: Server started on port 8080
TRACE: 2018/12/08 13:09:32 session.go:37: Nie zalogowane
TRACE: 2018/12/08 13:09:32 main.go:75: authorized
TRACE: 2018/12/08 13:09:32 session.go:37: Nie zalogowane
TRACE: 2018/12/08 13:09:37 session.go:37: Nie zalogowane
TRACE: 2018/12/08 13:09:37 users.go:85: Logowanie
TRACE: 2018/12/08 13:09:37 session.go:49: Zalogowane
INFO: 2018/12/08 14:18:32 main.go:61: Server started on port 8080
TRACE: 2018/12/08 14:18:38 session.go:43: Nie zalogowane
TRACE: 2018/12/08 14:18:38 main.go:75: authorized
TRACE: 2018/12/08 14:18:38 session.go:43: Nie zalogowane
TRACE: 2018/12/08 14:19:10 session.go:43: Nie zalogowane
TRACE: 2018/12/08 14:19:10 users.go:85: Logowanie
TRACE: 2018/12/08 14:19:10 session.go:55: Zalogowane
TRACE: 2018/12/08 14:19:48 session.go:55: Zalogowane
TRACE: 2018/12/08 14:19:48 session.go:43: Nie zalogowane
TRACE: 2018/12/08 14:19:48 main.go:75: authorized
TRACE: 2018/12/08 14:19:48 session.go:43: Nie zalogowane
TRACE: 2018/12/08 14:19:54 session.go:43: Nie zalogowane
TRACE: 2018/12/08 14:19:54 users.go:85: Logowanie
TRACE: 2018/12/08 14:19:54 session.go:55: Zalogowane
INFO: 2018/12/08 14:27:21 main.go:61: Server started on port 8080
TRACE: 2018/12/08 14:27:26 session.go:55: Zalogowane
TRACE: 2018/12/08 14:27:32 session.go:43: Nie zalogowane
TRACE: 2018/12/08 14:27:32 main.go:75: authorized
TRACE: 2018/12/08 14:27:32 session.go:43: Nie zalogowane
TRACE: 2018/12/08 14:27:34 session.go:43: Nie zalogowane
INFO: 2018/12/08 14:27:57 main.go:61: Server started on port 8080
TRACE: 2018/12/08 14:28:00 session.go:43: Nie zalogowane
TRACE: 2018/12/08 14:28:01 session.go:43: Nie zalogowane
TRACE: 2018/12/08 14:28:06 session.go:43: Nie zalogowane
TRACE: 2018/12/08 14:28:28 session.go:43: Nie zalogowane
INFO: 2018/12/08 14:28:35 main.go:61: Server started on port 8080
TRACE: 2018/12/08 14:28:40 session.go:43: Nie zalogowane
TRACE: 2018/12/08 14:28:41 session.go:43: Nie zalogowane
TRACE: 2018/12/08 14:28:45 session.go:43: Nie zalogowane
TRACE: 2018/12/08 14:28:45 main.go:75: authorized
TRACE: 2018/12/08 14:28:45 session.go:43: Nie zalogowane
TRACE: 2018/12/08 14:28:45 session.go:43: Nie zalogowane
TRACE: 2018/12/08 14:28:55 session.go:43: Nie zalogowane
TRACE: 2018/12/08 14:29:30 session.go:43: Nie zalogowane
TRACE: 2018/12/08 14:29:44 session.go:43: Nie zalogowane
TRACE: 2018/12/08 14:29:44 main.go:75: authorized
TRACE: 2018/12/08 14:29:44 session.go:43: Nie zalogowane
INFO: 2018/12/08 14:30:15 main.go:61: Server started on port 8080
TRACE: 2018/12/08 14:30:20 session.go:43: Nie zalogowane
TRACE: 2018/12/08 14:31:37 session.go:43: Nie zalogowane
INFO: 2018/12/08 14:31:43 main.go:61: Server started on port 8080
TRACE: 2018/12/08 14:31:49 session.go:43: Nie zalogowane
TRACE: 2018/12/08 14:31:49 users.go:85: Logowanie
TRACE: 2018/12/08 14:31:49 session.go:55: Zalogowane
TRACE: 2018/12/08 14:33:34 session.go:55: Zalogowane
INFO: 2018/12/08 14:33:40 main.go:61: Server started on port 8080
TRACE: 2018/12/08 14:33:45 session.go:55: Zalogowane
TRACE: 2018/12/08 14:33:46 session.go:55: Zalogowane
TRACE: 2018/12/08 14:33:47 session.go:55: Zalogowane
INFO: 2018/12/08 14:34:05 main.go:61: Server started on port 8080
TRACE: 2018/12/08 14:34:09 session.go:55: Zalogowane
TRACE: 2018/12/08 14:34:11 session.go:55: Zalogowane
TRACE: 2018/12/08 14:34:15 session.go:55: Zalogowane
TRACE: 2018/12/08 14:34:15 session.go:43: Nie zalogowane
TRACE: 2018/12/08 14:34:15 main.go:75: authorized
TRACE: 2018/12/08 14:34:15 session.go:43: Nie zalogowane
TRACE: 2018/12/08 14:34:27 session.go:43: Nie zalogowane
TRACE: 2018/12/08 14:34:27 users.go:85: Logowanie
TRACE: 2018/12/08 14:34:27 session.go:55: Zalogowane
INFO: 2018/12/08 14:36:54 main.go:61: Server started on port 8080
TRACE: 2018/12/08 14:37:15 session.go:43: Nie zalogowane
TRACE: 2018/12/08 14:37:15 main.go:75: authorized
TRACE: 2018/12/08 14:37:15 session.go:43: Nie zalogowane
INFO: 2018/12/08 14:37:41 main.go:61: Server started on port 8080
TRACE: 2018/12/08 14:37:45 session.go:43: Nie zalogowane
TRACE: 2018/12/08 14:37:54 session.go:43: Nie zalogowane
TRACE: 2018/12/08 14:37:54 users.go:85: Logowanie
TRACE: 2018/12/08 14:37:54 session.go:55: Zalogowane
TRACE: 2018/12/08 14:38:24 session.go:55: Zalogowane
TRACE: 2018/12/08 14:38:24 session.go:43: Nie zalogowane
TRACE: 2018/12/08 14:38:24 main.go:75: authorized
TRACE: 2018/12/08 14:38:24 session.go:43: Nie zalogowane
TRACE: 2018/12/08 14:38:41 session.go:43: Nie zalogowane
TRACE: 2018/12/08 14:38:41 users.go:85: Logowanie
TRACE: 2018/12/08 14:38:41 session.go:55: Zalogowane
TRACE: 2018/12/08 14:39:04 session.go:55: Zalogowane
TRACE: 2018/12/08 14:39:07 session.go:55: Zalogowane
TRACE: 2018/12/08 14:39:07 session.go:43: Nie zalogowane
TRACE: 2018/12/08 14:39:07 main.go:75: authorized
TRACE: 2018/12/08 14:39:07 session.go:43: Nie zalogowane
INFO: 2018/12/08 15:51:49 main.go:61: Server started on port 8080
TRACE: 2018/12/08 15:51:57 session.go:43: Nie zalogowane
INFO: 2018/12/08 15:53:17 main.go:61: Server started on port 8080
TRACE: 2018/12/08 15:53:18 session.go:43: Nie zalogowane
TRACE: 2018/12/08 15:53:19 session.go:43: Nie zalogowane
INFO: 2018/12/08 15:53:54 main.go:61: Server started on port 8080
TRACE: 2018/12/08 15:53:59 session.go:43: Nie zalogowane
INFO: 2018/12/08 15:54:50 main.go:61: Server started on port 8080
TRACE: 2018/12/08 15:54:53 session.go:43: Nie zalogowane
TRACE: 2018/12/08 15:54:58 session.go:43: Nie zalogowane
TRACE: 2018/12/08 15:54:58 users.go:85: Logowanie
TRACE: 2018/12/08 15:54:58 session.go:55: Zalogowane
INFO: 2018/12/08 16:15:28 main.go:62: Server started on port 8080
TRACE: 2018/12/08 16:15:33 session.go:43: Nie zalogowane
TRACE: 2018/12/08 16:15:33 main.go:76: authorized
TRACE: 2018/12/08 16:15:33 session.go:43: Nie zalogowane
TRACE: 2018/12/08 16:15:38 session.go:43: Nie zalogowane
TRACE: 2018/12/08 16:15:38 users.go:85: Logowanie
TRACE: 2018/12/08 16:15:38 session.go:55: Zalogowane
TRACE: 2018/12/08 16:15:41 session.go:55: Zalogowane
INFO: 2018/12/08 16:16:37 main.go:62: Server started on port 8080
TRACE: 2018/12/08 16:16:48 session.go:43: Nie zalogowane
TRACE: 2018/12/08 16:16:48 main.go:76: authorized
TRACE: 2018/12/08 16:16:48 session.go:43: Nie zalogowane
TRACE: 2018/12/08 16:16:53 session.go:43: Nie zalogowane
TRACE: 2018/12/08 16:16:54 users.go:85: Logowanie
TRACE: 2018/12/08 16:16:54 session.go:55: Zalogowane
TRACE: 2018/12/08 16:16:56 session.go:55: Zalogowane
INFO: 2018/12/08 16:17:30 main.go:62: Server started on port 8080
TRACE: 2018/12/08 16:17:35 session.go:43: Nie zalogowane
TRACE: 2018/12/08 16:17:35 main.go:76: authorized
TRACE: 2018/12/08 16:17:35 session.go:43: Nie zalogowane
TRACE: 2018/12/08 16:17:39 session.go:43: Nie zalogowane
TRACE: 2018/12/08 16:17:39 users.go:85: Logowanie
TRACE: 2018/12/08 16:17:39 session.go:55: Zalogowane
TRACE: 2018/12/08 16:17:42 session.go:55: Zalogowane
INFO: 2018/12/08 16:18:21 main.go:62: Server started on port 8080
TRACE: 2018/12/08 16:18:26 session.go:43: Nie zalogowane
TRACE: 2018/12/08 16:18:26 main.go:76: authorized
TRACE: 2018/12/08 16:18:26 session.go:43: Nie zalogowane
TRACE: 2018/12/08 16:18:31 session.go:43: Nie zalogowane
TRACE: 2018/12/08 16:18:31 users.go:85: Logowanie
TRACE: 2018/12/08 16:18:31 session.go:55: Zalogowane
TRACE: 2018/12/08 16:18:33 session.go:55: Zalogowane
TRACE: 2018/12/08 17:22:40 session.go:43: Nie zalogowane
TRACE: 2018/12/08 17:22:40 main.go:76: authorized
TRACE: 2018/12/08 17:22:40 session.go:43: Nie zalogowane
TRACE: 2018/12/08 17:22:47 session.go:43: Nie zalogowane
TRACE: 2018/12/08 17:22:47 users.go:85: Logowanie
TRACE: 2018/12/08 17:22:47 session.go:55: Zalogowane
TRACE: 2018/12/08 17:22:53 session.go:55: Zalogowane
TRACE: 2018/12/08 17:22:58 session.go:55: Zalogowane
TRACE: 2018/12/08 17:22:59 session.go:55: Zalogowane
TRACE: 2018/12/08 17:23:03 session.go:55: Zalogowane
TRACE: 2018/12/08 17:23:05 session.go:55: Zalogowane
TRACE: 2018/12/08 17:23:07 session.go:55: Zalogowane
TRACE: 2018/12/08 17:23:12 session.go:55: Zalogowane
TRACE: 2018/12/08 17:23:14 session.go:55: Zalogowane
TRACE: 2018/12/08 17:23:15 session.go:55: Zalogowane
TRACE: 2018/12/08 17:23:23 session.go:55: Zalogowane
TRACE: 2018/12/08 17:23:30 session.go:55: Zalogowane
INFO: 2018/12/08 18:47:22 main.go:63: Server started on port 8080
TRACE: 2018/12/08 18:47:35 session.go:43: Nie zalogowane
TRACE: 2018/12/08 18:47:35 main.go:77: authorized
TRACE: 2018/12/08 18:47:35 session.go:43: Nie zalogowane
TRACE: 2018/12/08 18:47:42 session.go:43: Nie zalogowane
TRACE: 2018/12/08 18:47:42 users.go:85: Logowanie
TRACE: 2018/12/08 18:47:42 session.go:55: Zalogowane
TRACE: 2018/12/08 18:47:45 session.go:55: Zalogowane
TRACE: 2018/12/08 18:47:45 session.go:55: Zalogowane
TRACE: 2018/12/08 18:47:45 session.go:55: Zalogowane
TRACE: 2018/12/08 18:47:46 session.go:55: Zalogowane
TRACE: 2018/12/08 18:47:46 session.go:55: Zalogowane
TRACE: 2018/12/08 18:47:46 session.go:55: Zalogowane
TRACE: 2018/12/08 18:47:51 session.go:55: Zalogowane
TRACE: 2018/12/08 18:47:51 session.go:55: Zalogowane
TRACE: 2018/12/08 18:47:51 session.go:55: Zalogowane
TRACE: 2018/12/08 18:48:27 session.go:55: Zalogowane
TRACE: 2018/12/08 18:48:27 session.go:55: Zalogowane
TRACE: 2018/12/08 18:48:27 session.go:55: Zalogowane
TRACE: 2018/12/08 18:48:33 session.go:55: Zalogowane
TRACE: 2018/12/08 18:48:33 session.go:55: Zalogowane
TRACE: 2018/12/08 18:48:33 session.go:55: Zalogowane
TRACE: 2018/12/08 18:48:34 session.go:55: Zalogowane
INFO: 2018/12/08 18:51:32 main.go:63: Server started on port 8080
TRACE: 2018/12/08 18:51:36 session.go:55: Zalogowane
TRACE: 2018/12/08 18:51:38 session.go:55: Zalogowane
TRACE: 2018/12/08 18:51:39 session.go:55: Zalogowane
TRACE: 2018/12/08 18:51:55 session.go:43: Nie zalogowane
TRACE: 2018/12/08 18:51:55 main.go:77: authorized
TRACE: 2018/12/08 18:51:55 session.go:43: Nie zalogowane
TRACE: 2018/12/08 18:52:04 session.go:43: Nie zalogowane
TRACE: 2018/12/08 18:52:04 users.go:85: Logowanie
TRACE: 2018/12/08 18:52:04 session.go:55: Zalogowane
TRACE: 2018/12/08 18:52:06 session.go:55: Zalogowane
TRACE: 2018/12/08 18:52:13 session.go:55: Zalogowane
TRACE: 2018/12/08 18:53:14 session.go:55: Zalogowane
TRACE: 2018/12/08 18:53:50 session.go:55: Zalogowane
INFO: 2018/12/08 19:20:54 main.go:64: Server started on port 8080
TRACE: 2018/12/08 19:20:58 session.go:43: Nie zalogowane
TRACE: 2018/12/08 19:20:58 main.go:78: authorized
TRACE: 2018/12/08 19:20:59 session.go:43: Nie zalogowane
TRACE: 2018/12/08 19:21:05 session.go:43: Nie zalogowane
TRACE: 2018/12/08 19:21:05 users.go:85: Logowanie
TRACE: 2018/12/08 19:21:05 session.go:55: Zalogowane
TRACE: 2018/12/08 19:21:07 session.go:55: Zalogowane
TRACE: 2018/12/08 19:21:13 session.go:55: Zalogowane
TRACE: 2018/12/08 19:21:22 session.go:55: Zalogowane
INFO: 2018/12/08 19:22:40 main.go:64: Server started on port 8080
TRACE: 2018/12/08 19:22:48 session.go:43: Nie zalogowane
TRACE: 2018/12/08 19:22:48 main.go:78: authorized
TRACE: 2018/12/08 19:22:48 session.go:43: Nie zalogowane
TRACE: 2018/12/08 19:22:52 session.go:43: Nie zalogowane
TRACE: 2018/12/08 19:22:52 users.go:85: Logowanie
TRACE: 2018/12/08 19:22:52 session.go:55: Zalogowane
TRACE: 2018/12/08 19:22:55 session.go:55: Zalogowane
TRACE: 2018/12/08 19:22:56 session.go:55: Zalogowane
TRACE: 2018/12/08 19:23:02 session.go:55: Zalogowane
TRACE: 2018/12/08 19:23:42 session.go:55: Zalogowane
TRACE: 2018/12/08 19:24:26 session.go:55: Zalogowane
TRACE: 2018/12/08 19:24:33 session.go:55: Zalogowane
TRACE: 2018/12/08 19:26:04 session.go:55: Zalogowane
TRACE: 2018/12/08 19:26:12 session.go:55: Zalogowane
INFO: 2018/12/08 19:28:05 main.go:64: Server started on port 8080
TRACE: 2018/12/08 19:28:15 session.go:43: Nie zalogowane
TRACE: 2018/12/08 19:28:15 main.go:78: authorized
TRACE: 2018/12/08 19:28:15 session.go:43: Nie zalogowane
TRACE: 2018/12/08 19:28:20 session.go:43: Nie zalogowane
TRACE: 2018/12/08 19:28:20 users.go:85: Logowanie
TRACE: 2018/12/08 19:28:20 session.go:55: Zalogowane
TRACE: 2018/12/08 19:28:25 session.go:55: Zalogowane
TRACE: 2018/12/08 19:28:27 session.go:55: Zalogowane
TRACE: 2018/12/08 19:28:38 session.go:55: Zalogowane
INFO: 2018/12/08 19:29:23 main.go:64: Server started on port 8080
TRACE: 2018/12/08 19:29:28 session.go:43: Nie zalogowane
TRACE: 2018/12/08 19:29:28 main.go:78: authorized
TRACE: 2018/12/08 19:29:28 session.go:43: Nie zalogowane
TRACE: 2018/12/08 19:29:37 session.go:43: Nie zalogowane
TRACE: 2018/12/08 19:29:37 users.go:85: Logowanie
TRACE: 2018/12/08 19:29:37 session.go:55: Zalogowane
TRACE: 2018/12/08 19:29:40 session.go:55: Zalogowane
TRACE: 2018/12/08 19:29:41 session.go:55: Zalogowane
TRACE: 2018/12/08 19:29:49 session.go:55: Zalogowane
INFO: 2018/12/08 19:37:35 main.go:64: Server started on port 8080
TRACE: 2018/12/08 19:37:43 session.go:55: Zalogowane
TRACE: 2018/12/08 19:37:47 session.go:43: Nie zalogowane
TRACE: 2018/12/08 19:37:47 main.go:78: authorized
TRACE: 2018/12/08 19:37:47 session.go:43: Nie zalogowane
TRACE: 2018/12/08 19:37:53 session.go:43: Nie zalogowane
TRACE: 2018/12/08 19:37:53 users.go:85: Logowanie
TRACE: 2018/12/08 19:37:53 session.go:55: Zalogowane
TRACE: 2018/12/08 19:37:59 session.go:55: Zalogowane
TRACE: 2018/12/08 19:38:01 session.go:55: Zalogowane
TRACE: 2018/12/08 19:38:06 session.go:55: Zalogowane
INFO: 2018/12/08 19:46:57 main.go:64: Server started on port 8080
TRACE: 2018/12/08 19:47:05 session.go:43: Nie zalogowane
TRACE: 2018/12/08 19:47:05 main.go:78: authorized
TRACE: 2018/12/08 19:47:05 session.go:43: Nie zalogowane
TRACE: 2018/12/08 19:47:14 session.go:43: Nie zalogowane
TRACE: 2018/12/08 19:47:14 users.go:85: Logowanie
TRACE: 2018/12/08 19:47:14 session.go:55: Zalogowane
TRACE: 2018/12/08 19:47:19 session.go:55: Zalogowane
TRACE: 2018/12/08 19:47:20 session.go:55: Zalogowane
TRACE: 2018/12/08 19:47:28 session.go:55: Zalogowane
TRACE: 2018/12/08 19:48:06 session.go:43: Nie zalogowane
TRACE: 2018/12/08 19:48:06 main.go:78: authorized
TRACE: 2018/12/08 19:48:06 session.go:43: Nie zalogowane
INFO: 2018/12/08 19:50:32 main.go:64: Server started on port 8080
TRACE: 2018/12/08 19:50:41 session.go:43: Nie zalogowane
TRACE: 2018/12/08 19:50:41 main.go:78: authorized
TRACE: 2018/12/08 19:50:41 session.go:43: Nie zalogowane
TRACE: 2018/12/08 19:50:45 session.go:43: Nie zalogowane
TRACE: 2018/12/08 19:50:45 users.go:85: Logowanie
TRACE: 2018/12/08 19:50:45 session.go:55: Zalogowane
TRACE: 2018/12/08 19:50:47 session.go:55: Zalogowane
TRACE: 2018/12/08 19:50:49 session.go:55: Zalogowane
TRACE: 2018/12/08 19:50:56 session.go:55: Zalogowane
INFO: 2018/12/08 20:02:31 main.go:64: Server started on port 8080
TRACE: 2018/12/08 20:02:43 session.go:43: Nie zalogowane
TRACE: 2018/12/08 20:02:43 main.go:78: authorized
TRACE: 2018/12/08 20:02:43 session.go:43: Nie zalogowane
TRACE: 2018/12/08 20:02:49 session.go:43: Nie zalogowane
TRACE: 2018/12/08 20:02:49 users.go:85: Logowanie
TRACE: 2018/12/08 20:02:49 session.go:55: Zalogowane
TRACE: 2018/12/08 20:02:56 session.go:55: Zalogowane
TRACE: 2018/12/08 20:02:57 session.go:55: Zalogowane
TRACE: 2018/12/08 20:03:04 session.go:55: Zalogowane
INFO: 2018/12/08 20:03:38 main.go:64: Server started on port 8080
TRACE: 2018/12/08 20:03:44 session.go:43: Nie zalogowane
TRACE: 2018/12/08 20:03:44 main.go:78: authorized
TRACE: 2018/12/08 20:03:44 session.go:43: Nie zalogowane
TRACE: 2018/12/08 20:03:50 session.go:43: Nie zalogowane
TRACE: 2018/12/08 20:03:50 users.go:85: Logowanie
TRACE: 2018/12/08 20:03:50 session.go:55: Zalogowane
TRACE: 2018/12/08 20:03:58 session.go:55: Zalogowane
TRACE: 2018/12/08 20:03:59 session.go:55: Zalogowane
TRACE: 2018/12/08 20:04:03 session.go:55: Zalogowane
TRACE: 2018/12/08 20:04:08 session.go:55: Zalogowane
TRACE: 2018/12/08 20:04:08 session.go:43: Nie zalogowane
TRACE: 2018/12/08 20:04:08 main.go:78: authorized
TRACE: 2018/12/08 20:04:08 session.go:43: Nie zalogowane
TRACE: 2018/12/08 20:04:18 session.go:43: Nie zalogowane
TRACE: 2018/12/08 20:04:18 users.go:85: Logowanie
TRACE: 2018/12/08 20:04:18 session.go:55: Zalogowane
INFO: 2018/12/08 20:28:04 main.go:64: Server started on port 8080
TRACE: 2018/12/08 20:28:13 session.go:43: Nie zalogowane
TRACE: 2018/12/08 20:28:13 main.go:78: authorized
TRACE: 2018/12/08 20:28:13 session.go:43: Nie zalogowane
TRACE: 2018/12/08 20:28:18 session.go:43: Nie zalogowane
ERROR: 2018/12/08 20:28:18 users.go:83: Hasło albo uzytkownik błędne
TRACE: 2018/12/08 20:28:31 session.go:43: Nie zalogowane
ERROR: 2018/12/08 20:28:31 users.go:83: Hasło albo uzytkownik błędne
TRACE: 2018/12/08 20:28:37 session.go:43: Nie zalogowane
ERROR: 2018/12/08 20:28:37 users.go:83: Hasło albo uzytkownik błędne
TRACE: 2018/12/08 20:28:51 session.go:43: Nie zalogowane
TRACE: 2018/12/08 20:28:51 users.go:86: Logowanie
TRACE: 2018/12/08 20:28:51 session.go:55: Zalogowane
TRACE: 2018/12/08 20:28:55 session.go:55: Zalogowane
TRACE: 2018/12/08 20:28:57 session.go:55: Zalogowane
TRACE: 2018/12/08 20:29:10 session.go:55: Zalogowane
INFO: 2018/12/08 20:46:30 main.go:64: Server started on port 8080
TRACE: 2018/12/08 20:46:43 session.go:59: Nie zalogowane
TRACE: 2018/12/08 20:46:43 main.go:78: authorized
TRACE: 2018/12/08 20:46:43 session.go:59: Nie zalogowane
TRACE: 2018/12/08 20:46:49 session.go:59: Nie zalogowane
ERROR: 2018/12/08 20:46:49 users.go:84: Hasło albo uzytkownik błędne
TRACE: 2018/12/08 20:46:49 users.go:88: Logowanie
TRACE: 2018/12/08 20:46:49 session.go:59: Nie zalogowane
TRACE: 2018/12/08 20:46:49 main.go:78: authorized
TRACE: 2018/12/08 20:46:49 session.go:59: Nie zalogowane
TRACE: 2018/12/08 20:46:59 session.go:59: Nie zalogowane
TRACE: 2018/12/08 20:47:00 session.go:59: Nie zalogowane
TRACE: 2018/12/08 20:47:11 session.go:59: Nie zalogowane
TRACE: 2018/12/08 20:47:12 session.go:59: Nie zalogowane
TRACE: 2018/12/08 20:47:16 session.go:59: Nie zalogowane
TRACE: 2018/12/08 20:47:16 main.go:78: authorized
TRACE: 2018/12/08 20:47:16 session.go:59: Nie zalogowane
TRACE: 2018/12/08 20:47:17 session.go:59: Nie zalogowane
INFO: 2018/12/08 20:48:17 main.go:64: Server started on port 8080
TRACE: 2018/12/08 20:48:21 session.go:59: Nie zalogowane
TRACE: 2018/12/08 20:48:25 session.go:59: Nie zalogowane
ERROR: 2018/12/08 20:48:26 users.go:84: Hasło albo uzytkownik błędne
TRACE: 2018/12/08 20:48:26 users.go:88: Logowanie
TRACE: 2018/12/08 20:48:26 session.go:59: Nie zalogowane
TRACE: 2018/12/08 20:48:26 main.go:78: authorized
TRACE: 2018/12/08 20:48:26 session.go:59: Nie zalogowane
INFO: 2018/12/08 20:50:15 main.go:64: Server started on port 8080
TRACE: 2018/12/08 20:50:20 session.go:64: Nie zalogowane
INFO: 2018/12/08 20:51:19 main.go:64: Server started on port 8080
TRACE: 2018/12/08 20:51:24 session.go:65: Nie zalogowane
TRACE: 2018/12/08 20:51:29 session.go:65: Nie zalogowane
ERROR: 2018/12/08 20:51:29 users.go:84: Hasło albo uzytkownik błędne
TRACE: 2018/12/08 20:51:29 users.go:88: Logowanie
TRACE: 2018/12/08 20:51:29 session.go:65: Nie zalogowane
TRACE: 2018/12/08 20:51:29 main.go:78: authorized
TRACE: 2018/12/08 20:51:29 session.go:65: Nie zalogowane
TRACE: 2018/12/08 20:51:43 session.go:65: Nie zalogowane
ERROR: 2018/12/08 20:51:43 users.go:84: Hasło albo uzytkownik błędne
TRACE: 2018/12/08 20:51:43 users.go:88: Logowanie
TRACE: 2018/12/08 20:51:43 session.go:65: Nie zalogowane
TRACE: 2018/12/08 20:51:43 main.go:78: authorized
TRACE: 2018/12/08 20:51:43 session.go:65: Nie zalogowane
INFO: 2018/12/08 21:10:40 main.go:64: Server started on port 8080
TRACE: 2018/12/08 21:10:48 session.go:65: Nie zalogowane
TRACE: 2018/12/08 21:10:54 session.go:65: Nie zalogowane
ERROR: 2018/12/08 21:10:54 users.go:84: Hasło albo uzytkownik błędne
TRACE: 2018/12/08 21:10:54 users.go:88: Logowanie
TRACE: 2018/12/08 21:10:54 session.go:65: Nie zalogowane
TRACE: 2018/12/08 21:10:54 main.go:78: authorized
TRACE: 2018/12/08 21:10:54 session.go:65: Nie zalogowane
INFO: 2018/12/08 21:23:28 main.go:64: Server started on port 8080
TRACE: 2018/12/08 21:23:34 session.go:70: Nie zalogowane
TRACE: 2018/12/08 21:23:39 session.go:70: Nie zalogowane
ERROR: 2018/12/08 21:23:39 users.go:84: Hasło albo uzytkownik błędne
TRACE: 2018/12/08 21:23:39 users.go:88: Logowanie
TRACE: 2018/12/08 21:23:39 session.go:70: Nie zalogowane
TRACE: 2018/12/08 21:23:39 main.go:78: authorized
TRACE: 2018/12/08 21:23:39 session.go:70: Nie zalogowane
TRACE: 2018/12/08 21:23:45 session.go:70: Nie zalogowane
TRACE: 2018/12/08 21:24:03 session.go:70: Nie zalogowane
TRACE: 2018/12/08 21:24:06 session.go:70: Nie zalogowane
INFO: 2018/12/08 21:26:50 main.go:64: Server started on port 8080
TRACE: 2018/12/08 21:26:54 session.go:70: Nie zalogowane
TRACE: 2018/12/08 21:27:08 session.go:70: Nie zalogowane
TRACE: 2018/12/08 21:27:08 users.go:88: Logowanie
TRACE: 2018/12/08 21:27:08 session.go:82: Zalogowane
TRACE: 2018/12/08 21:27:13 session.go:82: Zalogowane
TRACE: 2018/12/08 21:27:32 session.go:82: Zalogowane
TRACE: 2018/12/08 21:27:32 session.go:70: Nie zalogowane
TRACE: 2018/12/08 21:27:32 main.go:78: authorized
TRACE: 2018/12/08 21:27:32 session.go:70: Nie zalogowane
TRACE: 2018/12/08 21:27:36 session.go:70: Nie zalogowane
ERROR: 2018/12/08 21:27:36 users.go:84: Hasło albo uzytkownik błędne
TRACE: 2018/12/08 21:27:36 users.go:88: Logowanie
TRACE: 2018/12/08 21:27:36 session.go:70: Nie zalogowane
TRACE: 2018/12/08 21:27:36 main.go:78: authorized
TRACE: 2018/12/08 21:27:36 session.go:70: Nie zalogowane
TRACE: 2018/12/08 21:27:38 session.go:70: Nie zalogowane
TRACE: 2018/12/08 21:27:44 session.go:70: Nie zalogowane
TRACE: 2018/12/08 21:28:03 session.go:70: Nie zalogowane
TRACE: 2018/12/08 21:28:03 users.go:88: Logowanie
TRACE: 2018/12/08 21:28:03 session.go:82: Zalogowane
TRACE: 2018/12/08 21:28:07 session.go:82: Zalogowane
INFO: 2018/12/08 21:30:34 main.go:64: Server started on port 8080
TRACE: 2018/12/08 21:30:45 session.go:70: Nie zalogowane
TRACE: 2018/12/08 21:30:45 main.go:78: authorized
TRACE: 2018/12/08 21:30:45 session.go:70: Nie zalogowane
TRACE: 2018/12/08 21:30:48 session.go:70: Nie zalogowane
ERROR: 2018/12/08 21:30:48 users.go:84: Hasło albo uzytkownik błędne
TRACE: 2018/12/08 21:30:48 users.go:88: Logowanie
TRACE: 2018/12/08 21:30:48 session.go:70: Nie zalogowane
TRACE: 2018/12/08 21:30:48 main.go:78: authorized
TRACE: 2018/12/08 21:30:48 session.go:70: Nie zalogowane
TRACE: 2018/12/08 21:31:06 session.go:70: Nie zalogowane
ERROR: 2018/12/08 21:31:06 users.go:84: Hasło albo uzytkownik błędne
TRACE: 2018/12/08 21:31:06 users.go:88: Logowanie
TRACE: 2018/12/08 21:31:06 session.go:70: Nie zalogowane
TRACE: 2018/12/08 21:31:06 main.go:78: authorized
TRACE: 2018/12/08 21:31:06 session.go:70: Nie zalogowane
TRACE: 2018/12/08 21:40:03 session.go:70: Nie zalogowane
TRACE: 2018/12/08 21:40:03 users.go:88: Logowanie
TRACE: 2018/12/08 21:40:03 session.go:82: Zalogowane
INFO: 2018/12/08 21:41:43 main.go:64: Server started on port 8080
TRACE: 2018/12/08 21:41:48 session.go:70: Nie zalogowane
TRACE: 2018/12/08 21:41:48 main.go:78: authorized
TRACE: 2018/12/08 21:41:48 session.go:70: Nie zalogowane
TRACE: 2018/12/08 21:41:52 session.go:70: Nie zalogowane
ERROR: 2018/12/08 21:41:52 users.go:84: Hasło albo uzytkownik błędne
TRACE: 2018/12/08 21:41:52 users.go:88: Logowanie
TRACE: 2018/12/08 21:41:52 session.go:70: Nie zalogowane
TRACE: 2018/12/08 21:41:52 main.go:78: authorized
TRACE: 2018/12/08 21:41:52 session.go:70: Nie zalogowane
TRACE: 2018/12/08 21:42:03 session.go:70: Nie zalogowane
ERROR: 2018/12/08 21:42:03 users.go:84: Hasło albo uzytkownik błędne
TRACE: 2018/12/08 21:42:03 users.go:88: Logowanie
TRACE: 2018/12/08 21:42:03 session.go:70: Nie zalogowane
TRACE: 2018/12/08 21:42:03 main.go:78: authorized
TRACE: 2018/12/08 21:42:03 session.go:70: Nie zalogowane
TRACE: 2018/12/08 21:42:17 session.go:70: Nie zalogowane
TRACE: 2018/12/08 21:42:17 users.go:88: Logowanie
TRACE: 2018/12/08 21:42:17 session.go:82: Zalogowane
TRACE: 2018/12/08 21:42:25 session.go:82: Zalogowane
INFO: 2018/12/08 21:44:19 main.go:64: Server started on port 8080
TRACE: 2018/12/08 21:44:27 session.go:70: Nie zalogowane
TRACE: 2018/12/08 21:44:27 main.go:78: authorized
TRACE: 2018/12/08 21:44:27 session.go:70: Nie zalogowane
TRACE: 2018/12/08 21:44:31 session.go:70: Nie zalogowane
ERROR: 2018/12/08 21:44:31 users.go:84: Hasło albo uzytkownik błędne
TRACE: 2018/12/08 21:44:31 users.go:88: Logowanie
TRACE: 2018/12/08 21:44:31 session.go:70: Nie zalogowane
TRACE: 2018/12/08 21:44:31 main.go:78: authorized
TRACE: 2018/12/08 21:44:31 session.go:70: Nie zalogowane
TRACE: 2018/12/08 21:44:57 session.go:70: Nie zalogowane
TRACE: 2018/12/08 21:44:57 users.go:88: Logowanie
TRACE: 2018/12/08 21:44:57 session.go:82: Zalogowane
INFO: 2018/12/10 14:07:26 main.go:64: Server started on port 8080
TRACE: 2018/12/10 14:07:35 session.go:70: Nie zalogowane
TRACE: 2018/12/10 14:07:35 main.go:78: authorized
TRACE: 2018/12/10 14:07:35 session.go:70: Nie zalogowane
TRACE: 2018/12/10 14:07:50 session.go:70: Nie zalogowane
TRACE: 2018/12/10 14:07:50 users.go:88: Logowanie
TRACE: 2018/12/10 14:07:50 session.go:82: Zalogowane
TRACE: 2018/12/10 14:07:59 session.go:82: Zalogowane
TRACE: 2018/12/10 14:08:04 session.go:82: Zalogowane
TRACE: 2018/12/10 14:08:04 session.go:70: Nie zalogowane
TRACE: 2018/12/10 14:08:04 main.go:78: authorized
TRACE: 2018/12/10 14:08:04 session.go:70: Nie zalogowane
TRACE: 2018/12/10 14:08:17 session.go:70: Nie zalogowane
TRACE: 2018/12/10 14:08:17 users.go:88: Logowanie
TRACE: 2018/12/10 14:08:17 session.go:82: Zalogowane
TRACE: 2018/12/10 14:08:19 session.go:82: Zalogowane
TRACE: 2018/12/10 14:08:19 session.go:70: Nie zalogowane
TRACE: 2018/12/10 14:08:19 main.go:78: authorized
TRACE: 2018/12/10 14:08:19 session.go:70: Nie zalogowane
TRACE: 2018/12/10 14:08:55 session.go:70: Nie zalogowane
ERROR: 2018/12/10 14:08:55 users.go:84: Hasło albo uzytkownik błędne
TRACE: 2018/12/10 14:08:55 users.go:88: Logowanie
TRACE: 2018/12/10 14:08:55 session.go:70: Nie zalogowane
TRACE: 2018/12/10 14:08:55 main.go:78: authorized
TRACE: 2018/12/10 14:08:55 session.go:70: Nie zalogowane
TRACE: 2018/12/10 14:09:06 session.go:70: Nie zalogowane
TRACE: 2018/12/10 14:09:06 users.go:88: Logowanie
TRACE: 2018/12/10 14:09:06 session.go:82: Zalogowane
TRACE: 2018/12/10 14:09:09 session.go:82: Zalogowane
TRACE: 2018/12/10 14:09:09 session.go:70: Nie zalogowane
TRACE: 2018/12/10 14:09:09 main.go:78: authorized
TRACE: 2018/12/10 14:09:09 session.go:70: Nie zalogowane
INFO: 2018/12/10 14:11:01 main.go:64: Server started on port 8080
TRACE: 2018/12/10 14:11:06 session.go:69: Nie zalogowane
TRACE: 2018/12/10 14:11:08 session.go:69: Nie zalogowane
TRACE: 2018/12/10 14:11:09 session.go:69: Nie zalogowane
TRACE: 2018/12/10 14:11:10 session.go:69: Nie zalogowane
TRACE: 2018/12/10 14:11:14 session.go:69: Nie zalogowane
ERROR: 2018/12/10 14:11:14 users.go:84: Hasło albo uzytkownik błędne
TRACE: 2018/12/10 14:11:14 users.go:88: Logowanie
TRACE: 2018/12/10 14:11:14 session.go:69: Nie zalogowane
TRACE: 2018/12/10 14:11:14 main.go:78: authorized
TRACE: 2018/12/10 14:11:14 session.go:69: Nie zalogowane
TRACE: 2018/12/10 14:11:25 session.go:69: Nie zalogowane
TRACE: 2018/12/10 14:11:25 users.go:88: Logowanie
TRACE: 2018/12/10 14:11:25 session.go:81: Zalogowane
TRACE: 2018/12/10 14:11:30 session.go:81: Zalogowane
TRACE: 2018/12/10 14:11:30 session.go:69: Nie zalogowane
TRACE: 2018/12/10 14:11:30 main.go:78: authorized
TRACE: 2018/12/10 14:11:30 session.go:69: Nie zalogowane
TRACE: 2018/12/10 14:11:41 session.go:69: Nie zalogowane
TRACE: 2018/12/10 14:11:41 users.go:88: Logowanie
TRACE: 2018/12/10 14:11:41 session.go:81: Zalogowane
TRACE: 2018/12/10 14:11:47 session.go:81: Zalogowane
TRACE: 2018/12/10 14:11:57 session.go:81: Zalogowane
TRACE: 2018/12/10 14:22:14 session.go:69: Nie zalogowane
TRACE: 2018/12/10 14:22:14 main.go:78: authorized
TRACE: 2018/12/10 14:22:14 session.go:69: Nie zalogowane
